Using pre-set license
Built from '2020.2/staging' branch; Version is '2020.2.0b13 (655e1a328b90) revision 6643226'; Using compiler version '192528614'; Build Type 'Release'
OS: 'Windows 10  (10.0.0) 64bit' Language: 'en' Physical Memory: 8044 MB
BatchMode: 1, IsHumanControllingUs: 0, StartBugReporterOnCrash: 0, Is64bit: 1, IsPro: 0

 COMMAND LINE ARGUMENTS:
D:\Unity 2020.2.0b13\Editor\Unity.exe
-adb2
-batchMode
-noUpm
-name
AssetImportWorker0
-projectPath
D:/kuliah/Pemrograman s.3/Bola bola
-logFile
Logs/AssetImportWorker0.log
-srvPort
49873
Successfully changed project path to: D:/kuliah/Pemrograman s.3/Bola bola
D:/kuliah/Pemrograman s.3/Bola bola
Using Asset Import Pipeline V2.
Refreshing native plugins compatible for Editor in 38.09 ms, found 0 plugins.
Preloading 0 native plugins for Editor in 0.00 ms.
Initialize engine version: 2020.2.0b13 (655e1a328b90)
[Subsystems] Discovering subsystems at path D:/Unity 2020.2.0b13/Editor/Data/Resources/UnitySubsystems
[Subsystems] Discovering subsystems at path D:/kuliah/Pemrograman s.3/Bola bola/Assets
GfxDevice: creating device client; threaded=0
Direct3D:
    Version:  Direct3D 11.0 [level 11.1]
    Renderer: NVIDIA GeForce GTX 1650 (ID=0x1f91)
    Vendor:   
    VRAM:     3962 MB
    Driver:   27.21.14.5763
Initialize mono
Mono path[0] = 'D:/Unity 2020.2.0b13/Editor/Data/Managed'
Mono path[1] = 'D:/Unity 2020.2.0b13/Editor/Data/MonoBleedingEdge/lib/mono/unityjit'
Mono config path = 'D:/Unity 2020.2.0b13/Editor/Data/MonoBleedingEdge/etc'
Using monoOptions --debugger-agent=transport=dt_socket,embedding=1,server=y,suspend=n,address=127.0.0.1:56396
Begin MonoManager ReloadAssembly
Registering precompiled unity dll's ...
Register platform support module: D:/Unity 2020.2.0b13/Editor/Data/PlaybackEngines/WindowsStandaloneSupport/UnityEditor.WindowsStandalone.Extensions.dll
Registered in 0.000932 seconds.
Native extension for WindowsStandalone target not found
Refreshing native plugins compatible for Editor in 31.64 ms, found 0 plugins.
Preloading 0 native plugins for Editor in 0.00 ms.
Invoked RoslynAnalysisRunner static constructor.
RoslynAnalysisRunner will not be running.
RoslynAnalysisRunner has terminated.
Mono: successfully reloaded assembly
- Completed reload, in  1.637 seconds
Platform modules already initialized, skipping
Registering precompiled user dll's ...
Registered in 0.000743 seconds.
Begin MonoManager ReloadAssembly
Symbol file LoadedFromMemory doesn't match image D:\kuliah\Pemrograman s.3\Bola bola\Library\PackageCache\com.unity.ext.nunit@1.0.0\net35\unity-custom\nunit.framework.dll
Native extension for WindowsStandalone target not found
Refreshing native plugins compatible for Editor in 0.37 ms, found 0 plugins.
Preloading 0 native plugins for Editor in 0.00 ms.
Invoked RoslynAnalysisRunner static constructor.
RoslynAnalysisRunner will not be running.
RoslynAnalysisRunner has terminated.
Mono: successfully reloaded assembly
- Completed reload, in  1.424 seconds
Platform modules already initialized, skipping
========================================================================
Worker process is ready to serve import requests
Launched and connected shader compiler UnityShaderCompiler.exe after 0.13 seconds
Refreshing native plugins compatible for Editor in 0.78 ms, found 0 plugins.
Preloading 0 native plugins for Editor in 0.00 ms.
Unloading 1215 Unused Serialized files (Serialized files now loaded: 0)
System memory in use before: 58.9 MB.
System memory in use after: 58.9 MB.

Unloading 26 unused Assets to reduce memory usage. Loaded Objects now: 1637.
Total: 7.448500 ms (FindLiveObjects: 0.757000 ms CreateObjectMapping: 0.332200 ms MarkObjects: 6.056200 ms  DeleteObjects: 0.295500 ms)

========================================================================
Received Import Request.
  path: Assets/UnityAdsButton.cs
  artifactKey: Guid(950e6b039d528f245b16a15f1d4abb21) Importer(815301076,1909f56bfc062723c751e8b465ee728b)
Start importing Assets/UnityAdsButton.cs using Guid(950e6b039d528f245b16a15f1d4abb21) Importer(815301076,1909f56bfc062723c751e8b465ee728b)  -> (artifact id: '7cc4a2232b1bb2892428e5f40f9d1a1f') in 0.089776 seconds
  Import took 0.094207 seconds .

========================================================================
Received Prepare
Registering precompiled user dll's ...
Registered in 0.000638 seconds.
Begin MonoManager ReloadAssembly
Symbol file LoadedFromMemory doesn't match image D:\kuliah\Pemrograman s.3\Bola bola\Library\PackageCache\com.unity.ext.nunit@1.0.0\net35\unity-custom\nunit.framework.dll
Native extension for WindowsStandalone target not found
Refreshing native plugins compatible for Editor in 0.32 ms, found 0 plugins.
Preloading 0 native plugins for Editor in 0.00 ms.
Invoked RoslynAnalysisRunner static constructor.
RoslynAnalysisRunner will not be running.
RoslynAnalysisRunner has terminated.
Mono: successfully reloaded assembly
- Completed reload, in  0.788 seconds
Platform modules already initialized, skipping
Refreshing native plugins compatible for Editor in 0.30 ms, found 0 plugins.
Preloading 0 native plugins for Editor in 0.00 ms.
Unloading 1212 Unused Serialized files (Serialized files now loaded: 0)
System memory in use before: 58.9 MB.
System memory in use after: 59.0 MB.

Unloading 21 unused Assets to reduce memory usage. Loaded Objects now: 1639.
Total: 1.946700 ms (FindLiveObjects: 0.133800 ms CreateObjectMapping: 0.036800 ms MarkObjects: 1.719900 ms  DeleteObjects: 0.055300 ms)

========================================================================
Received Import Request.
  Time since last request: 419.212325 seconds.
  path: Assets/UnityAdsButton.cs
  artifactKey: Guid(950e6b039d528f245b16a15f1d4abb21) Importer(815301076,1909f56bfc062723c751e8b465ee728b)
Start importing Assets/UnityAdsButton.cs using Guid(950e6b039d528f245b16a15f1d4abb21) Importer(815301076,1909f56bfc062723c751e8b465ee728b)  -> (artifact id: '40dffcc7d30e5fb0e31c9f44d9e42ee6') in 0.004074 seconds
  Import took 0.006556 seconds .

========================================================================
Received Prepare
Registering precompiled user dll's ...
Registered in 0.001872 seconds.
Begin MonoManager ReloadAssembly
Symbol file LoadedFromMemory doesn't match image D:\kuliah\Pemrograman s.3\Bola bola\Library\PackageCache\com.unity.ext.nunit@1.0.0\net35\unity-custom\nunit.framework.dll
Native extension for WindowsStandalone target not found
Refreshing native plugins compatible for Editor in 0.36 ms, found 0 plugins.
Preloading 0 native plugins for Editor in 0.00 ms.
Invoked RoslynAnalysisRunner static constructor.
RoslynAnalysisRunner will not be running.
RoslynAnalysisRunner has terminated.
Mono: successfully reloaded assembly
- Completed reload, in  0.916 seconds
Platform modules already initialized, skipping
Refreshing native plugins compatible for Editor in 0.43 ms, found 0 plugins.
Preloading 0 native plugins for Editor in 0.00 ms.
Unloading 1213 Unused Serialized files (Serialized files now loaded: 0)
System memory in use before: 59.1 MB.
System memory in use after: 59.2 MB.

Unloading 21 unused Assets to reduce memory usage. Loaded Objects now: 1641.
Total: 2.918100 ms (FindLiveObjects: 0.531600 ms CreateObjectMapping: 0.211000 ms MarkObjects: 2.101100 ms  DeleteObjects: 0.072400 ms)

========================================================================
Received Import Request.
  Time since last request: 2128.811490 seconds.
  path: Assets
  artifactKey: Guid(00000000000000001000000000000000) Importer(815301076,1909f56bfc062723c751e8b465ee728b)
Start importing Assets using Guid(00000000000000001000000000000000) Importer(815301076,1909f56bfc062723c751e8b465ee728b)  -> (artifact id: 'a2024a5447ea30736529f0b4f1ce1248') in 0.016253 seconds
  Import took 0.019947 seconds .

========================================================================
Received Import Request.
  Time since last request: 6.378097 seconds.
  path: Assets/Script
  artifactKey: Guid(7f85b3bc9ae8d58429cecb67ea0a561c) Importer(815301076,1909f56bfc062723c751e8b465ee728b)
Start importing Assets/Script using Guid(7f85b3bc9ae8d58429cecb67ea0a561c) Importer(815301076,1909f56bfc062723c751e8b465ee728b)  -> (artifact id: '25f25390164957ed7336cd365bee99f1') in 0.013999 seconds
  Import took 0.016677 seconds .

========================================================================
Received Prepare
Registering precompiled user dll's ...
Registered in 0.000865 seconds.
Begin MonoManager ReloadAssembly
Symbol file LoadedFromMemory doesn't match image D:\kuliah\Pemrograman s.3\Bola bola\Library\PackageCache\com.unity.ext.nunit@1.0.0\net35\unity-custom\nunit.framework.dll
Native extension for WindowsStandalone target not found
Refreshing native plugins compatible for Editor in 0.34 ms, found 0 plugins.
Preloading 0 native plugins for Editor in 0.00 ms.
Invoked RoslynAnalysisRunner static constructor.
RoslynAnalysisRunner will not be running.
RoslynAnalysisRunner has terminated.
Mono: successfully reloaded assembly
- Completed reload, in  0.897 seconds
Platform modules already initialized, skipping
Refreshing native plugins compatible for Editor in 0.33 ms, found 0 plugins.
Preloading 0 native plugins for Editor in 0.00 ms.
Unloading 1213 Unused Serialized files (Serialized files now loaded: 0)
System memory in use before: 59.2 MB.
System memory in use after: 59.3 MB.

Unloading 21 unused Assets to reduce memory usage. Loaded Objects now: 1643.
Total: 1.488100 ms (FindLiveObjects: 0.144800 ms CreateObjectMapping: 0.038600 ms MarkObjects: 1.261400 ms  DeleteObjects: 0.042400 ms)

========================================================================
Received Prepare
Registering precompiled user dll's ...
Registered in 0.000582 seconds.
Begin MonoManager ReloadAssembly
Symbol file LoadedFromMemory doesn't match image D:\kuliah\Pemrograman s.3\Bola bola\Library\PackageCache\com.unity.ext.nunit@1.0.0\net35\unity-custom\nunit.framework.dll
Native extension for WindowsStandalone target not found
Refreshing native plugins compatible for Editor in 0.31 ms, found 0 plugins.
Preloading 0 native plugins for Editor in 0.00 ms.
Invoked RoslynAnalysisRunner static constructor.
RoslynAnalysisRunner will not be running.
RoslynAnalysisRunner has terminated.
Mono: successfully reloaded assembly
- Completed reload, in  0.710 seconds
Platform modules already initialized, skipping
Refreshing native plugins compatible for Editor in 0.33 ms, found 0 plugins.
Preloading 0 native plugins for Editor in 0.00 ms.
Unloading 1213 Unused Serialized files (Serialized files now loaded: 0)
System memory in use before: 59.3 MB.
System memory in use after: 59.3 MB.

Unloading 21 unused Assets to reduce memory usage. Loaded Objects now: 1645.
Total: 1.959500 ms (FindLiveObjects: 0.135500 ms CreateObjectMapping: 0.037700 ms MarkObjects: 1.706500 ms  DeleteObjects: 0.078900 ms)

AssetImportWorkerClient::OnTransportError - code=2 error=End of file
